<?xml version="1.0" encoding="UTF-8"?>
<testsuite xmlns:xsi="http://www.w3.org/2001/XMLSchema-instance" xsi:noNamespaceSchemaLocation="https://maven.apache.org/surefire/maven-surefire-plugin/xsd/surefire-test-report-3.0.xsd" version="3.0" name="com.DINESH.serviceMaintainer.ServiceMaintainerApplicationTests" time="11.301" tests="1" errors="0" skipped="0" failures="0">
  <properties>
[...]
</properties>
  <testcase name="contextLoads" classname="com.DINESH.serviceMaintainer.ServiceMaintainerApplicationTests" time="1.542">
    <system-out><![CDATA[17:25:10,824 |-INFO in ch.qos.logback.classic.LoggerContext[default] - This is logback-classic version 1.5.7
17:25:10,830 |-INFO in ch.qos.logback.classic.util.ContextInitializer@5454d35e - Here is a list of configurators discovered as a service, by rank: 
17:25:10,830 |-INFO in ch.qos.logback.classic.util.ContextInitializer@5454d35e -   org.springframework.boot.logging.logback.RootLogLevelConfigurator
17:25:10,830 |-INFO in ch.qos.logback.classic.util.ContextInitializer@5454d35e - They will be invoked in order until ExecutionStatus.DO_NOT_INVOKE_NEXT_IF_ANY is returned.
17:25:10,830 |-INFO in ch.qos.logback.classic.util.ContextInitializer@5454d35e - Constructed configurator of type class org.springframework.boot.logging.logback.RootLogLevelConfigurator
17:25:10,843 |-INFO in ch.qos.logback.classic.util.ContextInitializer@5454d35e - org.springframework.boot.logging.logback.RootLogLevelConfigurator.configure() call lasted 0 milliseconds. ExecutionStatus=INVOKE_NEXT_IF_ANY
17:25:10,843 |-INFO in ch.qos.logback.classic.util.ContextInitializer@5454d35e - Trying to configure with ch.qos.logback.classic.joran.SerializedModelConfigurator
17:25:10,844 |-INFO in ch.qos.logback.classic.util.ContextInitializer@5454d35e - Constructed configurator of type class ch.qos.logback.classic.joran.SerializedModelConfigurator
17:25:10,848 |-INFO in ch.qos.logback.classic.LoggerContext[default] - Could NOT find resource [logback-test.scmo]
17:25:10,849 |-INFO in ch.qos.logback.classic.LoggerContext[default] - Could NOT find resource [logback.scmo]
17:25:10,849 |-INFO in ch.qos.logback.classic.util.ContextInitializer@5454d35e - ch.qos.logback.classic.joran.SerializedModelConfigurator.configure() call lasted 5 milliseconds. ExecutionStatus=INVOKE_NEXT_IF_ANY
17:25:10,849 |-INFO in ch.qos.logback.classic.util.ContextInitializer@5454d35e - Trying to configure with ch.qos.logback.classic.util.DefaultJoranConfigurator
17:25:10,850 |-INFO in ch.qos.logback.classic.util.ContextInitializer@5454d35e - Constructed configurator of type class ch.qos.logback.classic.util.DefaultJoranConfigurator
17:25:10,850 |-INFO in ch.qos.logback.classic.LoggerContext[default] - Could NOT find resource [logback-test.xml]
17:25:10,854 |-INFO in ch.qos.logback.classic.LoggerContext[default] - Found resource [logback.xml] at [file:/C:/Users/intern2/Documents/DINESH-DEMO-WORKSHOP/Devlopment/MICROSERVICE/Service-Maintainer/target/classes/logback.xml]
17:25:11,096 |-WARN in ch.qos.logback.core.model.processor.IncludeModelHandler - Could not find resource corresponding to [org/springframework/boot/logging/logback/default.xml]
17:25:11,100 |-INFO in ch.qos.logback.core.joran.util.ConfigurationWatchListUtil@20c0a64d - Adding [jar:file:/C:/Users/intern2/.m2/repository/org/springframework/boot/spring-boot/3.3.3/spring-boot-3.3.3.jar!/org/springframework/boot/logging/logback/console-appender.xml] to configuration watch list.
17:25:11,100 |-INFO in ch.qos.logback.core.joran.spi.ConfigurationWatchList@455b6df1 - URL [jar:file:/C:/Users/intern2/.m2/repository/org/springframework/boot/spring-boot/3.3.3/spring-boot-3.3.3.jar!/org/springframework/boot/logging/logback/console-appender.xml] is not of type file
17:25:11,109 |-INFO in ch.qos.logback.core.model.processor.AppenderModelHandler - Processing appender named [CONSOLE]
17:25:11,109 |-INFO in ch.qos.logback.core.model.processor.AppenderModelHandler - About to instantiate appender of type [ch.qos.logback.core.ConsoleAppender]
17:25:11,129 |-INFO in ch.qos.logback.core.model.processor.ModelInterpretationContext@4ddbbdf8 - value "CONSOLE_LOG_THRESHOLD_IS_UNDEFINED" substituted for "${CONSOLE_LOG_THRESHOLD}"
17:25:11,136 |-INFO in ch.qos.logback.core.model.processor.ImplicitModelHandler - Assuming default type [ch.qos.logback.classic.encoder.PatternLayoutEncoder] for [encoder] property
17:25:11,139 |-INFO in ch.qos.logback.core.model.processor.ModelInterpretationContext@4ddbbdf8 - value "%d{yyyy-MM-dd HH:mm:ss.SSS} %-5level %thread %logger{36} : %msg%n" substituted for "${CONSOLE_LOG_PATTERN}"
17:25:11,139 |-INFO in ch.qos.logback.core.model.processor.ModelInterpretationContext@4ddbbdf8 - value "UTF-8" substituted for "${CONSOLE_LOG_CHARSET}"
17:25:11,221 |-INFO in ch.qos.logback.core.model.processor.AppenderModelHandler - Processing appender named [FILE]
17:25:11,221 |-INFO in ch.qos.logback.core.model.processor.AppenderModelHandler - About to instantiate appender of type [ch.qos.logback.core.rolling.RollingFileAppender]
17:25:11,230 |-INFO in ch.qos.logback.core.model.processor.ImplicitModelHandler - Assuming default type [ch.qos.logback.classic.encoder.PatternLayoutEncoder] for [encoder] property
17:25:11,230 |-INFO in ch.qos.logback.core.model.processor.ModelInterpretationContext@4ddbbdf8 - value "%d{yyyy-MM-dd HH:mm:ss.SSS} %-5level %thread %logger{36} : %msg%n" substituted for "${CONSOLE_LOG_PATTERN}"
17:25:11,230 |-INFO in ch.qos.logback.core.model.processor.ModelInterpretationContext@4ddbbdf8 - value "APPLICATIONLOGGES/LOGFILE.log" substituted for "${LOG_FILE}"
17:25:11,236 |-INFO in ch.qos.logback.core.model.processor.ModelInterpretationContext@4ddbbdf8 - value "APPLICATIONLOGGES/LOGFILE.log.%i" substituted for "${LOG_FILE}.%i"
17:25:11,237 |-WARN in ch.qos.logback.core.model.processor.ImplicitModelHandler - Ignoring unknown property [minInde] in [ch.qos.logback.core.rolling.FixedWindowRollingPolicy]
17:25:11,249 |-INFO in ch.qos.logback.core.rolling.FixedWindowRollingPolicy@3f67593e - No compression will be used
17:25:11,249 |-WARN in ch.qos.logback.core.rolling.FixedWindowRollingPolicy@3f67593e - Large window sizes are not allowed.
17:25:11,252 |-WARN in ch.qos.logback.core.rolling.FixedWindowRollingPolicy@3f67593e - MaxIndex reduced to 21
17:25:11,258 |-INFO in ch.qos.logback.core.rolling.RollingFileAppender[FILE] - Active log file name: APPLICATIONLOGGES/LOGFILE.log
17:25:11,259 |-INFO in ch.qos.logback.core.rolling.RollingFileAppender[FILE] - File property is set to [APPLICATIONLOGGES/LOGFILE.log]
17:25:11,260 |-INFO in ch.qos.logback.classic.model.processor.RootLoggerModelHandler - Setting level of ROOT logger to INFO
17:25:11,261 |-INFO in ch.qos.logback.core.model.processor.AppenderRefModelHandler - Attaching appender named [CONSOLE] to Logger[ROOT]
17:25:11,262 |-INFO in ch.qos.logback.core.model.processor.AppenderRefModelHandler - Attaching appender named [FILE] to Logger[ROOT]
17:25:11,263 |-INFO in ch.qos.logback.classic.model.processor.LoggerModelHandler - Setting level of logger [com.DINESH.serviceMaintainer] to DEBUG
17:25:11,263 |-INFO in ch.qos.logback.core.model.processor.DefaultProcessor@1ab06251 - End of configuration.
17:25:11,264 |-INFO in ch.qos.logback.classic.joran.JoranConfigurator@41ab013 - Registering current configuration as safe fallback point
17:25:11,264 |-INFO in ch.qos.logback.classic.util.ContextInitializer@5454d35e - ch.qos.logback.classic.util.DefaultJoranConfigurator.configure() call lasted 414 milliseconds. ExecutionStatus=DO_NOT_INVOKE_NEXT_IF_ANY

2024-09-09 17:25:11.571 INFO  main o.s.t.c.s.AnnotationConfigContextLoaderUtils : Could not detect default configuration classes for test class [com.DINESH.serviceMaintainer.ServiceMaintainerApplicationTests]: ServiceMaintainerApplicationTests does not declare any static, non-private, non-final, nested classes annotated with @Configuration.
2024-09-09 17:25:11.913 INFO  main o.s.b.t.c.SpringBootTestContextBootstrapper : Found @SpringBootConfiguration com.DINESH.serviceMaintainer.ServiceMaintainerApplication for test class com.DINESH.serviceMaintainer.ServiceMaintainerApplicationTests
17:25:12,613 |-WARN in ch.qos.logback.core.model.processor.IncludeModelHandler - Could not find resource corresponding to [org/springframework/boot/logging/logback/default.xml]
17:25:12,613 |-INFO in ch.qos.logback.core.joran.util.ConfigurationWatchListUtil@20c0a64d - Adding [jar:file:/C:/Users/intern2/.m2/repository/org/springframework/boot/spring-boot/3.3.3/spring-boot-3.3.3.jar!/org/springframework/boot/logging/logback/console-appender.xml] to configuration watch list.
17:25:12,613 |-INFO in ch.qos.logback.core.joran.spi.ConfigurationWatchList@a619c2 - URL [jar:file:/C:/Users/intern2/.m2/repository/org/springframework/boot/spring-boot/3.3.3/spring-boot-3.3.3.jar!/org/springframework/boot/logging/logback/console-appender.xml] is not of type file
17:25:12,617 |-INFO in ch.qos.logback.core.model.processor.AppenderModelHandler - Processing appender named [CONSOLE]
17:25:12,617 |-INFO in ch.qos.logback.core.model.processor.AppenderModelHandler - About to instantiate appender of type [ch.qos.logback.core.ConsoleAppender]
17:25:12,617 |-INFO in ch.qos.logback.core.model.processor.ModelInterpretationContext@648ee871 - value "CONSOLE_LOG_THRESHOLD_IS_UNDEFINED" substituted for "${CONSOLE_LOG_THRESHOLD}"
17:25:12,617 |-INFO in ch.qos.logback.core.model.processor.ImplicitModelHandler - Assuming default type [ch.qos.logback.classic.encoder.PatternLayoutEncoder] for [encoder] property
17:25:12,618 |-INFO in ch.qos.logback.core.model.processor.ModelInterpretationContext@648ee871 - value "%d{yyyy-MM-dd HH:mm:ss.SSS} %-5level %thread %logger{36} : %msg%n" substituted for "${CONSOLE_LOG_PATTERN}"
17:25:12,618 |-INFO in ch.qos.logback.core.model.processor.ModelInterpretationContext@648ee871 - value "UTF-8" substituted for "${CONSOLE_LOG_CHARSET}"
17:25:12,618 |-INFO in ch.qos.logback.core.model.processor.AppenderModelHandler - Processing appender named [FILE]
17:25:12,618 |-INFO in ch.qos.logback.core.model.processor.AppenderModelHandler - About to instantiate appender of type [ch.qos.logback.core.rolling.RollingFileAppender]
17:25:12,619 |-INFO in ch.qos.logback.core.model.processor.ImplicitModelHandler - Assuming default type [ch.qos.logback.classic.encoder.PatternLayoutEncoder] for [encoder] property
17:25:12,619 |-INFO in ch.qos.logback.core.model.processor.ModelInterpretationContext@648ee871 - value "%d{yyyy-MM-dd HH:mm:ss.SSS} %-5level %thread %logger{36} : %msg%n" substituted for "${CONSOLE_LOG_PATTERN}"
17:25:12,620 |-INFO in ch.qos.logback.core.model.processor.ModelInterpretationContext@648ee871 - value "APPLICATIONLOGGES/LOGFILE.log" substituted for "${LOG_FILE}"
17:25:12,620 |-INFO in ch.qos.logback.core.model.processor.ModelInterpretationContext@648ee871 - value "APPLICATIONLOGGES/LOGFILE.log.%i" substituted for "${LOG_FILE}.%i"
17:25:12,620 |-WARN in ch.qos.logback.core.model.processor.ImplicitModelHandler - Ignoring unknown property [minInde] in [ch.qos.logback.core.rolling.FixedWindowRollingPolicy]
17:25:12,620 |-INFO in ch.qos.logback.core.rolling.FixedWindowRollingPolicy@375b5b7f - No compression will be used
17:25:12,620 |-WARN in ch.qos.logback.core.rolling.FixedWindowRollingPolicy@375b5b7f - Large window sizes are not allowed.
17:25:12,620 |-WARN in ch.qos.logback.core.rolling.FixedWindowRollingPolicy@375b5b7f - MaxIndex reduced to 21
17:25:12,621 |-INFO in ch.qos.logback.core.rolling.RollingFileAppender[FILE] - Active log file name: APPLICATIONLOGGES/LOGFILE.log
17:25:12,621 |-INFO in ch.qos.logback.core.rolling.RollingFileAppender[FILE] - File property is set to [APPLICATIONLOGGES/LOGFILE.log]
17:25:12,621 |-INFO in ch.qos.logback.classic.model.processor.RootLoggerModelHandler - Setting level of ROOT logger to INFO
17:25:12,621 |-INFO in ch.qos.logback.classic.jul.LevelChangePropagator@1813f3e9 - Propagating INFO level on Logger[ROOT] onto the JUL framework
17:25:12,622 |-INFO in ch.qos.logback.core.model.processor.AppenderRefModelHandler - Attaching appender named [CONSOLE] to Logger[ROOT]
17:25:12,622 |-INFO in ch.qos.logback.core.model.processor.AppenderRefModelHandler - Attaching appender named [FILE] to Logger[ROOT]
17:25:12,622 |-INFO in ch.qos.logback.classic.model.processor.LoggerModelHandler - Setting level of logger [com.DINESH.serviceMaintainer] to DEBUG
17:25:12,622 |-INFO in ch.qos.logback.classic.jul.LevelChangePropagator@1813f3e9 - Propagating DEBUG level on Logger[com.DINESH.serviceMaintainer] onto the JUL framework
17:25:12,622 |-INFO in ch.qos.logback.core.model.processor.DefaultProcessor@28cb9120 - End of configuration.
17:25:12,622 |-INFO in org.springframework.boot.logging.logback.SpringBootJoranConfigurator@3b152928 - Registering current configuration as safe fallback point


  .   ____          _            __ _ _
 /\\ / ___'_ __ _ _(_)_ __  __ _ \ \ \ \
( ( )\___ | '_ | '_| | '_ \/ _` | \ \ \ \
 \\/  ___)| |_)| | | | | || (_| |  ) ) ) )
  '  |____| .__|_| |_|_| |_\__, | / / / /
 =========|_|==============|___/=/_/_/_/

2024-09-09 17:25:12.690 INFO  background-preinit o.h.validator.internal.util.Version : HV000001: Hibernate Validator 8.0.1.Final
 :: Spring Boot ::                (v3.3.3)

2024-09-09 17:25:15.700 INFO  main o.s.cloud.context.scope.GenericScope : BeanFactory id=1f40fcb3-4d80-3b2f-a43d-eaf29fc03ced
2024-09-09 17:25:15.902 WARN  main o.s.c.s.PostProcessorRegistrationDelegate$BeanPostProcessorChecker : Bean 'org.springframework.cloud.client.loadbalancer.LoadBalancerAutoConfiguration$DeferringLoadBalancerInterceptorConfig' of type [org.springframework.cloud.client.loadbalancer.LoadBalancerAutoConfiguration$DeferringLoadBalancerInterceptorConfig] is not eligible for getting processed by all BeanPostProcessors (for example: not eligible for auto-proxying). The currently created BeanPostProcessor [lbRestClientPostProcessor] is declared through a non-static factory method on that class; consider declaring it as static instead.
2024-09-09 17:25:15.916 WARN  main o.s.c.s.PostProcessorRegistrationDelegate$BeanPostProcessorChecker : Bean 'deferringLoadBalancerInterceptor' of type [org.springframework.cloud.client.loadbalancer.DeferringLoadBalancerInterceptor] is not eligible for getting processed by all BeanPostProcessors (for example: not eligible for auto-proxying). Is this bean getting eagerly injected into a currently created BeanPostProcessor [lbRestClientPostProcessor]? Check the corresponding BeanPostProcessor declaration and its dependencies.
2024-09-09 17:25:18.437 INFO  main o.s.c.n.e.c.DiscoveryClientOptionalArgsConfiguration : Eureka HTTP Client uses RestTemplate.
2024-09-09 17:25:18.638 WARN  main o.s.c.l.c.LoadBalancerCacheAutoConfiguration$LoadBalancerCaffeineWarnLogger : Spring Cloud LoadBalancer is currently working with the default cache. While this cache implementation is useful for development and tests, it's recommended to use Caffeine cache in production.You can switch to using Caffeine cache, by adding it and org.springframework.cache.caffeine.CaffeineCacheManager to the classpath.
2024-09-09 17:25:18.663 INFO  main o.s.b.a.e.web.EndpointLinksResolver : Exposing 17 endpoints beneath base path '/actuator'
2024-09-09 17:25:18.795 INFO  main o.s.c.n.eureka.InstanceInfoFactory : Setting initial instance status as: STARTING
2024-09-09 17:25:18.839 INFO  main c.netflix.discovery.DiscoveryClient : Initializing Eureka in region us-east-1
2024-09-09 17:25:18.847 INFO  main c.n.d.s.r.aws.ConfigClusterResolver : Resolving eureka endpoints via configuration
2024-09-09 17:25:18.866 INFO  main c.netflix.discovery.DiscoveryClient : Disable delta property : false
2024-09-09 17:25:18.866 INFO  main c.netflix.discovery.DiscoveryClient : Single vip registry refresh property : null
2024-09-09 17:25:18.866 INFO  main c.netflix.discovery.DiscoveryClient : Force full registry fetch : false
2024-09-09 17:25:18.867 INFO  main c.netflix.discovery.DiscoveryClient : Application is null : false
2024-09-09 17:25:18.868 INFO  main c.netflix.discovery.DiscoveryClient : Registered Applications size is zero : true
2024-09-09 17:25:18.868 INFO  main c.netflix.discovery.DiscoveryClient : Application version is -1: true
2024-09-09 17:25:18.869 INFO  main c.netflix.discovery.DiscoveryClient : Getting all instance registry info from the eureka server
2024-09-09 17:25:19.998 INFO  main c.netflix.discovery.DiscoveryClient : The response status is 200
2024-09-09 17:25:20.001 INFO  main c.netflix.discovery.DiscoveryClient : Starting heartbeat executor: renew interval is: 30
2024-09-09 17:25:20.004 INFO  main c.n.discovery.InstanceInfoReplicator : InstanceInfoReplicator onDemand update allowed rate per min is 4
2024-09-09 17:25:20.009 INFO  main c.netflix.discovery.DiscoveryClient : Discovery Client initialized at timestamp 1725882920008 with initial instances count: 4
2024-09-09 17:25:20.014 INFO  main o.s.c.n.e.s.EurekaServiceRegistry : Registering application SERVICE-MAINTAINER with eureka with status UP
2024-09-09 17:25:20.015 INFO  main c.netflix.discovery.DiscoveryClient : Saw local status change event StatusChangeEvent [timestamp=1725882920015, current=UP, previous=STARTING]
2024-09-09 17:25:20.019 INFO  DiscoveryClient-InstanceInfoReplicator-%d c.netflix.discovery.DiscoveryClient : DiscoveryClient_SERVICE-MAINTAINER/host.docker.internal:service-maintainer:80: registering service...
2024-09-09 17:25:20.296 INFO  DiscoveryClient-InstanceInfoReplicator-%d c.netflix.discovery.DiscoveryClient : DiscoveryClient_SERVICE-MAINTAINER/host.docker.internal:service-maintainer:80 - registration status: 204
]]></system-out>
    <system-err><![CDATA[WARNING: A Java agent has been loaded dynamically (C:\Users\intern2\.m2\repository\net\bytebuddy\byte-buddy-agent\1.14.19\byte-buddy-agent-1.14.19.jar)
WARNING: If a serviceability tool is in use, please run with -XX:+EnableDynamicAgentLoading to hide this warning
WARNING: If a serviceability tool is not in use, please run with -Djdk.instrument.traceUsage for more information
WARNING: Dynamic loading of agents will be disallowed by default in a future release
]]></system-err>
  </testcase>
</testsuite>