<?xml version="1.0" encoding="UTF-8"?>
<testsuite xmlns:xsi="http://www.w3.org/2001/XMLSchema-instance" xsi:noNamespaceSchemaLocation="https://maven.apache.org/surefire/maven-surefire-plugin/xsd/surefire-test-report-3.0.xsd" version="3.0" name="com.DINESH.serviceMaintainer.ServiceMaintainerApplicationTests" time="16.201" tests="1" errors="0" skipped="0" failures="0">
  <properties>
[...]
</properties>
  <testcase name="contextLoads" classname="com.DINESH.serviceMaintainer.ServiceMaintainerApplicationTests" time="1.366">
    <system-out><![CDATA[14:18:49,719 |-INFO in ch.qos.logback.classic.LoggerContext[default] - This is logback-classic version 1.5.7
14:18:49,723 |-INFO in ch.qos.logback.classic.util.ContextInitializer@5454d35e - Here is a list of configurators discovered as a service, by rank: 
14:18:49,723 |-INFO in ch.qos.logback.classic.util.ContextInitializer@5454d35e -   org.springframework.boot.logging.logback.RootLogLevelConfigurator
14:18:49,723 |-INFO in ch.qos.logback.classic.util.ContextInitializer@5454d35e - They will be invoked in order until ExecutionStatus.DO_NOT_INVOKE_NEXT_IF_ANY is returned.
14:18:49,723 |-INFO in ch.qos.logback.classic.util.ContextInitializer@5454d35e - Constructed configurator of type class org.springframework.boot.logging.logback.RootLogLevelConfigurator
14:18:49,736 |-INFO in ch.qos.logback.classic.util.ContextInitializer@5454d35e - org.springframework.boot.logging.logback.RootLogLevelConfigurator.configure() call lasted 1 milliseconds. ExecutionStatus=INVOKE_NEXT_IF_ANY
14:18:49,736 |-INFO in ch.qos.logback.classic.util.ContextInitializer@5454d35e - Trying to configure with ch.qos.logback.classic.joran.SerializedModelConfigurator
14:18:49,737 |-INFO in ch.qos.logback.classic.util.ContextInitializer@5454d35e - Constructed configurator of type class ch.qos.logback.classic.joran.SerializedModelConfigurator
14:18:49,740 |-INFO in ch.qos.logback.classic.LoggerContext[default] - Could NOT find resource [logback-test.scmo]
14:18:49,740 |-INFO in ch.qos.logback.classic.LoggerContext[default] - Could NOT find resource [logback.scmo]
14:18:49,740 |-INFO in ch.qos.logback.classic.util.ContextInitializer@5454d35e - ch.qos.logback.classic.joran.SerializedModelConfigurator.configure() call lasted 3 milliseconds. ExecutionStatus=INVOKE_NEXT_IF_ANY
14:18:49,740 |-INFO in ch.qos.logback.classic.util.ContextInitializer@5454d35e - Trying to configure with ch.qos.logback.classic.util.DefaultJoranConfigurator
14:18:49,741 |-INFO in ch.qos.logback.classic.util.ContextInitializer@5454d35e - Constructed configurator of type class ch.qos.logback.classic.util.DefaultJoranConfigurator
14:18:49,742 |-INFO in ch.qos.logback.classic.LoggerContext[default] - Could NOT find resource [logback-test.xml]
14:18:49,745 |-INFO in ch.qos.logback.classic.LoggerContext[default] - Found resource [logback.xml] at [file:/C:/Users/intern2/Documents/DINESH-DEMO-WORKSHOP/Devlopment/MICROSERVICE/Service-Maintainer/target/classes/logback.xml]
14:18:49,888 |-WARN in ch.qos.logback.core.model.processor.IncludeModelHandler - Could not find resource corresponding to [org/springframework/boot/logging/logback/default.xml]
14:18:49,890 |-INFO in ch.qos.logback.core.joran.util.ConfigurationWatchListUtil@20c0a64d - Adding [jar:file:/C:/Users/intern2/.m2/repository/org/springframework/boot/spring-boot/3.3.3/spring-boot-3.3.3.jar!/org/springframework/boot/logging/logback/console-appender.xml] to configuration watch list.
14:18:49,890 |-INFO in ch.qos.logback.core.joran.spi.ConfigurationWatchList@455b6df1 - URL [jar:file:/C:/Users/intern2/.m2/repository/org/springframework/boot/spring-boot/3.3.3/spring-boot-3.3.3.jar!/org/springframework/boot/logging/logback/console-appender.xml] is not of type file
14:18:49,895 |-INFO in ch.qos.logback.core.model.processor.AppenderModelHandler - Processing appender named [CONSOLE]
14:18:49,896 |-INFO in ch.qos.logback.core.model.processor.AppenderModelHandler - About to instantiate appender of type [ch.qos.logback.core.ConsoleAppender]
14:18:49,911 |-INFO in ch.qos.logback.core.model.processor.ModelInterpretationContext@4ddbbdf8 - value "CONSOLE_LOG_THRESHOLD_IS_UNDEFINED" substituted for "${CONSOLE_LOG_THRESHOLD}"
14:18:49,915 |-INFO in ch.qos.logback.core.model.processor.ImplicitModelHandler - Assuming default type [ch.qos.logback.classic.encoder.PatternLayoutEncoder] for [encoder] property
14:18:49,916 |-INFO in ch.qos.logback.core.model.processor.ModelInterpretationContext@4ddbbdf8 - value "%d{yyyy-MM-dd HH:mm:ss.SSS} %-5level %thread %logger{36} : %msg%n" substituted for "${CONSOLE_LOG_PATTERN}"
14:18:49,917 |-INFO in ch.qos.logback.core.model.processor.ModelInterpretationContext@4ddbbdf8 - value "UTF-8" substituted for "${CONSOLE_LOG_CHARSET}"
14:18:49,957 |-INFO in ch.qos.logback.core.model.processor.AppenderModelHandler - Processing appender named [FILE]
14:18:49,957 |-INFO in ch.qos.logback.core.model.processor.AppenderModelHandler - About to instantiate appender of type [ch.qos.logback.core.rolling.RollingFileAppender]
14:18:49,964 |-INFO in ch.qos.logback.core.model.processor.ImplicitModelHandler - Assuming default type [ch.qos.logback.classic.encoder.PatternLayoutEncoder] for [encoder] property
14:18:49,964 |-INFO in ch.qos.logback.core.model.processor.ModelInterpretationContext@4ddbbdf8 - value "%d{yyyy-MM-dd HH:mm:ss.SSS} %-5level %thread %logger{36} : %msg%n" substituted for "${CONSOLE_LOG_PATTERN}"
14:18:49,965 |-INFO in ch.qos.logback.core.model.processor.ModelInterpretationContext@4ddbbdf8 - value "APPLICATIONLOGGES/LOGFILE.log" substituted for "${LOG_FILE}"
14:18:49,970 |-INFO in ch.qos.logback.core.model.processor.ModelInterpretationContext@4ddbbdf8 - value "APPLICATIONLOGGES/LOGFILE.log.%i" substituted for "${LOG_FILE}.%i"
14:18:49,970 |-WARN in ch.qos.logback.core.model.processor.ImplicitModelHandler - Ignoring unknown property [minInde] in [ch.qos.logback.core.rolling.FixedWindowRollingPolicy]
14:18:49,979 |-INFO in ch.qos.logback.core.rolling.FixedWindowRollingPolicy@3f67593e - No compression will be used
14:18:49,979 |-WARN in ch.qos.logback.core.rolling.FixedWindowRollingPolicy@3f67593e - Large window sizes are not allowed.
14:18:49,981 |-WARN in ch.qos.logback.core.rolling.FixedWindowRollingPolicy@3f67593e - MaxIndex reduced to 21
14:18:49,987 |-INFO in ch.qos.logback.core.rolling.RollingFileAppender[FILE] - Active log file name: APPLICATIONLOGGES/LOGFILE.log
14:18:49,987 |-INFO in ch.qos.logback.core.rolling.RollingFileAppender[FILE] - File property is set to [APPLICATIONLOGGES/LOGFILE.log]
14:18:49,989 |-INFO in ch.qos.logback.classic.model.processor.RootLoggerModelHandler - Setting level of ROOT logger to INFO
14:18:49,990 |-INFO in ch.qos.logback.core.model.processor.AppenderRefModelHandler - Attaching appender named [CONSOLE] to Logger[ROOT]
14:18:49,991 |-INFO in ch.qos.logback.core.model.processor.AppenderRefModelHandler - Attaching appender named [FILE] to Logger[ROOT]
14:18:49,992 |-INFO in ch.qos.logback.classic.model.processor.LoggerModelHandler - Setting level of logger [com.DINESH.serviceMaintainer] to DEBUG
14:18:49,992 |-INFO in ch.qos.logback.core.model.processor.DefaultProcessor@1ab06251 - End of configuration.
14:18:49,994 |-INFO in ch.qos.logback.classic.joran.JoranConfigurator@41ab013 - Registering current configuration as safe fallback point
14:18:49,994 |-INFO in ch.qos.logback.classic.util.ContextInitializer@5454d35e - ch.qos.logback.classic.util.DefaultJoranConfigurator.configure() call lasted 253 milliseconds. ExecutionStatus=DO_NOT_INVOKE_NEXT_IF_ANY

2024-09-09 14:18:50.170 INFO  main o.s.t.c.s.AnnotationConfigContextLoaderUtils : Could not detect default configuration classes for test class [com.DINESH.serviceMaintainer.ServiceMaintainerApplicationTests]: ServiceMaintainerApplicationTests does not declare any static, non-private, non-final, nested classes annotated with @Configuration.
2024-09-09 14:18:50.459 INFO  main o.s.b.t.c.SpringBootTestContextBootstrapper : Found @SpringBootConfiguration com.DINESH.serviceMaintainer.ServiceMaintainerApplication for test class com.DINESH.serviceMaintainer.ServiceMaintainerApplicationTests
14:18:51,129 |-WARN in ch.qos.logback.core.model.processor.IncludeModelHandler - Could not find resource corresponding to [org/springframework/boot/logging/logback/default.xml]
14:18:51,129 |-INFO in ch.qos.logback.core.joran.util.ConfigurationWatchListUtil@20c0a64d - Adding [jar:file:/C:/Users/intern2/.m2/repository/org/springframework/boot/spring-boot/3.3.3/spring-boot-3.3.3.jar!/org/springframework/boot/logging/logback/console-appender.xml] to configuration watch list.
14:18:51,129 |-INFO in ch.qos.logback.core.joran.spi.ConfigurationWatchList@a619c2 - URL [jar:file:/C:/Users/intern2/.m2/repository/org/springframework/boot/spring-boot/3.3.3/spring-boot-3.3.3.jar!/org/springframework/boot/logging/logback/console-appender.xml] is not of type file
14:18:51,134 |-INFO in ch.qos.logback.core.model.processor.AppenderModelHandler - Processing appender named [CONSOLE]
14:18:51,134 |-INFO in ch.qos.logback.core.model.processor.AppenderModelHandler - About to instantiate appender of type [ch.qos.logback.core.ConsoleAppender]
14:18:51,135 |-INFO in ch.qos.logback.core.model.processor.ModelInterpretationContext@648ee871 - value "CONSOLE_LOG_THRESHOLD_IS_UNDEFINED" substituted for "${CONSOLE_LOG_THRESHOLD}"
14:18:51,135 |-INFO in ch.qos.logback.core.model.processor.ImplicitModelHandler - Assuming default type [ch.qos.logback.classic.encoder.PatternLayoutEncoder] for [encoder] property
14:18:51,135 |-INFO in ch.qos.logback.core.model.processor.ModelInterpretationContext@648ee871 - value "%d{yyyy-MM-dd HH:mm:ss.SSS} %-5level %thread %logger{36} : %msg%n" substituted for "${CONSOLE_LOG_PATTERN}"
14:18:51,136 |-INFO in ch.qos.logback.core.model.processor.ModelInterpretationContext@648ee871 - value "UTF-8" substituted for "${CONSOLE_LOG_CHARSET}"
14:18:51,136 |-INFO in ch.qos.logback.core.model.processor.AppenderModelHandler - Processing appender named [FILE]
14:18:51,136 |-INFO in ch.qos.logback.core.model.processor.AppenderModelHandler - About to instantiate appender of type [ch.qos.logback.core.rolling.RollingFileAppender]
14:18:51,137 |-INFO in ch.qos.logback.core.model.processor.ImplicitModelHandler - Assuming default type [ch.qos.logback.classic.encoder.PatternLayoutEncoder] for [encoder] property
14:18:51,137 |-INFO in ch.qos.logback.core.model.processor.ModelInterpretationContext@648ee871 - value "%d{yyyy-MM-dd HH:mm:ss.SSS} %-5level %thread %logger{36} : %msg%n" substituted for "${CONSOLE_LOG_PATTERN}"
14:18:51,140 |-INFO in ch.qos.logback.core.model.processor.ModelInterpretationContext@648ee871 - value "APPLICATIONLOGGES/LOGFILE.log" substituted for "${LOG_FILE}"
14:18:51,141 |-INFO in ch.qos.logback.core.model.processor.ModelInterpretationContext@648ee871 - value "APPLICATIONLOGGES/LOGFILE.log.%i" substituted for "${LOG_FILE}.%i"
14:18:51,141 |-WARN in ch.qos.logback.core.model.processor.ImplicitModelHandler - Ignoring unknown property [minInde] in [ch.qos.logback.core.rolling.FixedWindowRollingPolicy]
14:18:51,141 |-INFO in ch.qos.logback.core.rolling.FixedWindowRollingPolicy@375b5b7f - No compression will be used
14:18:51,141 |-WARN in ch.qos.logback.core.rolling.FixedWindowRollingPolicy@375b5b7f - Large window sizes are not allowed.
14:18:51,141 |-WARN in ch.qos.logback.core.rolling.FixedWindowRollingPolicy@375b5b7f - MaxIndex reduced to 21
14:18:51,141 |-INFO in ch.qos.logback.core.rolling.RollingFileAppender[FILE] - Active log file name: APPLICATIONLOGGES/LOGFILE.log
14:18:51,141 |-INFO in ch.qos.logback.core.rolling.RollingFileAppender[FILE] - File property is set to [APPLICATIONLOGGES/LOGFILE.log]
14:18:51,142 |-INFO in ch.qos.logback.classic.model.processor.RootLoggerModelHandler - Setting level of ROOT logger to INFO
14:18:51,142 |-INFO in ch.qos.logback.classic.jul.LevelChangePropagator@1813f3e9 - Propagating INFO level on Logger[ROOT] onto the JUL framework
14:18:51,143 |-INFO in ch.qos.logback.core.model.processor.AppenderRefModelHandler - Attaching appender named [CONSOLE] to Logger[ROOT]
14:18:51,143 |-INFO in ch.qos.logback.core.model.processor.AppenderRefModelHandler - Attaching appender named [FILE] to Logger[ROOT]
14:18:51,143 |-INFO in ch.qos.logback.classic.model.processor.LoggerModelHandler - Setting level of logger [com.DINESH.serviceMaintainer] to DEBUG
14:18:51,143 |-INFO in ch.qos.logback.classic.jul.LevelChangePropagator@1813f3e9 - Propagating DEBUG level on Logger[com.DINESH.serviceMaintainer] onto the JUL framework
14:18:51,143 |-INFO in ch.qos.logback.core.model.processor.DefaultProcessor@28cb9120 - End of configuration.
14:18:51,143 |-INFO in org.springframework.boot.logging.logback.SpringBootJoranConfigurator@3b152928 - Registering current configuration as safe fallback point


  .   ____          _            __ _ _
 /\\ / ___'_ __ _ _(_)_ __  __ _ \ \ \ \
( ( )\___ | '_ | '_| | '_ \/ _` | \ \ \ \
 \\/  ___)| |_)| | | | | || (_| |  ) ) ) )
  '  |____| .__|_| |_|_| |_\__, | / / / /
 =========|_|==============|___/=/_/_/_/

2024-09-09 14:18:51.243 INFO  background-preinit o.h.validator.internal.util.Version : HV000001: Hibernate Validator 8.0.1.Final
 :: Spring Boot ::                (v3.3.3)

2024-09-09 14:18:54.754 INFO  main o.s.cloud.context.scope.GenericScope : BeanFactory id=1f40fcb3-4d80-3b2f-a43d-eaf29fc03ced
2024-09-09 14:18:54.976 WARN  main o.s.c.s.PostProcessorRegistrationDelegate$BeanPostProcessorChecker : Bean 'org.springframework.cloud.client.loadbalancer.LoadBalancerAutoConfiguration$DeferringLoadBalancerInterceptorConfig' of type [org.springframework.cloud.client.loadbalancer.LoadBalancerAutoConfiguration$DeferringLoadBalancerInterceptorConfig] is not eligible for getting processed by all BeanPostProcessors (for example: not eligible for auto-proxying). The currently created BeanPostProcessor [lbRestClientPostProcessor] is declared through a non-static factory method on that class; consider declaring it as static instead.
2024-09-09 14:18:54.981 WARN  main o.s.c.s.PostProcessorRegistrationDelegate$BeanPostProcessorChecker : Bean 'deferringLoadBalancerInterceptor' of type [org.springframework.cloud.client.loadbalancer.DeferringLoadBalancerInterceptor] is not eligible for getting processed by all BeanPostProcessors (for example: not eligible for auto-proxying). Is this bean getting eagerly injected into a currently created BeanPostProcessor [lbRestClientPostProcessor]? Check the corresponding BeanPostProcessor declaration and its dependencies.
2024-09-09 14:19:01.749 INFO  main o.s.c.n.e.c.DiscoveryClientOptionalArgsConfiguration : Eureka HTTP Client uses RestTemplate.
2024-09-09 14:19:02.186 WARN  main o.s.c.l.c.LoadBalancerCacheAutoConfiguration$LoadBalancerCaffeineWarnLogger : Spring Cloud LoadBalancer is currently working with the default cache. While this cache implementation is useful for development and tests, it's recommended to use Caffeine cache in production.You can switch to using Caffeine cache, by adding it and org.springframework.cache.caffeine.CaffeineCacheManager to the classpath.
2024-09-09 14:19:02.239 INFO  main o.s.b.a.e.web.EndpointLinksResolver : Exposing 17 endpoints beneath base path '/actuator'
2024-09-09 14:19:02.451 INFO  main o.s.c.n.eureka.InstanceInfoFactory : Setting initial instance status as: STARTING
2024-09-09 14:19:02.520 INFO  main c.netflix.discovery.DiscoveryClient : Initializing Eureka in region us-east-1
2024-09-09 14:19:02.532 INFO  main c.n.d.s.r.aws.ConfigClusterResolver : Resolving eureka endpoints via configuration
2024-09-09 14:19:02.597 INFO  main c.netflix.discovery.DiscoveryClient : Disable delta property : false
2024-09-09 14:19:02.599 INFO  main c.netflix.discovery.DiscoveryClient : Single vip registry refresh property : null
2024-09-09 14:19:02.599 INFO  main c.netflix.discovery.DiscoveryClient : Force full registry fetch : false
2024-09-09 14:19:02.599 INFO  main c.netflix.discovery.DiscoveryClient : Application is null : false
2024-09-09 14:19:02.599 INFO  main c.netflix.discovery.DiscoveryClient : Registered Applications size is zero : true
2024-09-09 14:19:02.599 INFO  main c.netflix.discovery.DiscoveryClient : Application version is -1: true
2024-09-09 14:19:02.600 INFO  main c.netflix.discovery.DiscoveryClient : Getting all instance registry info from the eureka server
2024-09-09 14:19:04.087 INFO  main c.netflix.discovery.DiscoveryClient : The response status is 200
2024-09-09 14:19:04.090 INFO  main c.netflix.discovery.DiscoveryClient : Starting heartbeat executor: renew interval is: 30
2024-09-09 14:19:04.095 INFO  main c.n.discovery.InstanceInfoReplicator : InstanceInfoReplicator onDemand update allowed rate per min is 4
2024-09-09 14:19:04.125 INFO  main c.netflix.discovery.DiscoveryClient : Discovery Client initialized at timestamp 1725871744097 with initial instances count: 0
2024-09-09 14:19:04.139 INFO  main o.s.c.n.e.s.EurekaServiceRegistry : Registering application SERVICE-MAINTAINER with eureka with status UP
2024-09-09 14:19:04.141 INFO  main c.netflix.discovery.DiscoveryClient : Saw local status change event StatusChangeEvent [timestamp=1725871744141, current=UP, previous=STARTING]
2024-09-09 14:19:04.145 INFO  DiscoveryClient-InstanceInfoReplicator-%d c.netflix.discovery.DiscoveryClient : DiscoveryClient_SERVICE-MAINTAINER/host.docker.internal:service-maintainer:80: registering service...
2024-09-09 14:19:04.447 INFO  DiscoveryClient-InstanceInfoReplicator-%d c.netflix.discovery.DiscoveryClient : DiscoveryClient_SERVICE-MAINTAINER/host.docker.internal:service-maintainer:80 - registration status: 204
]]></system-out>
    <system-err><![CDATA[WARNING: A Java agent has been loaded dynamically (C:\Users\intern2\.m2\repository\net\bytebuddy\byte-buddy-agent\1.14.19\byte-buddy-agent-1.14.19.jar)
WARNING: If a serviceability tool is in use, please run with -XX:+EnableDynamicAgentLoading to hide this warning
WARNING: If a serviceability tool is not in use, please run with -Djdk.instrument.traceUsage for more information
WARNING: Dynamic loading of agents will be disallowed by default in a future release
]]></system-err>
  </testcase>
</testsuite>